<?xml version="1.0" encoding="UTF-8"?>
<!-- Generated by org.testng.reporters.JUnitReportReporter -->
<testsuite hostname="USENRANVADL3C" name="LoginTest" tests="1" failures="0" timestamp="13 Mar 2016 05:04:03 GMT" time="2.213" errors="0">
  <testcase name="doLogin" time="2.213" classname="LoginTest"/>
</testsuite> <!-- LoginTest -->
