<?xml version="1.0" encoding="UTF-8"?>
<!-- Generated by org.testng.reporters.JUnitReportReporter -->
<testsuite hostname="USENRANVADL3C" name="LoginTest" tests="1" failures="0" timestamp="13 Mar 2016 05:56:10 GMT" time="3.881" errors="0">
  <testcase name="doLogin" time="3.881" classname="LoginTest"/>
</testsuite> <!-- LoginTest -->
